{"/Users/aashish/Desktop/demo/singtelAssignment/singtel/App.js": {"path":"/Users/aashish/Desktop/demo/singtelAssignment/singtel/App.js","statementMap":{"0":{"start":{"line":31,"column":16},"end":{"line":55,"column":1}},"1":{"start":{"line":32,"column":21},"end":{"line":32,"column":48}},"2":{"start":{"line":33,"column":2},"end":{"line":54,"column":4}},"3":{"start":{"line":57,"column":24},"end":{"line":96,"column":1}},"4":{"start":{"line":58,"column":21},"end":{"line":58,"column":48}},"5":{"start":{"line":60,"column":26},"end":{"line":62,"column":3}},"6":{"start":{"line":64,"column":2},"end":{"line":95,"column":4}},"7":{"start":{"line":98,"column":15},"end":{"line":115,"column":2}}},"fnMap":{"0":{"name":"(anonymous_0)","decl":{"start":{"line":31,"column":16},"end":{"line":31,"column":17}},"loc":{"start":{"line":31,"column":45},"end":{"line":55,"column":1}},"line":31},"1":{"name":"(anonymous_1)","decl":{"start":{"line":57,"column":24},"end":{"line":57,"column":25}},"loc":{"start":{"line":57,"column":30},"end":{"line":96,"column":1}},"line":57}},"branchMap":{"0":{"loc":{"start":{"line":39,"column":19},"end":{"line":39,"column":59}},"type":"cond-expr","locations":[{"start":{"line":39,"column":32},"end":{"line":39,"column":44}},{"start":{"line":39,"column":47},"end":{"line":39,"column":59}}],"line":39},"1":{"loc":{"start":{"line":48,"column":19},"end":{"line":48,"column":58}},"type":"cond-expr","locations":[{"start":{"line":48,"column":32},"end":{"line":48,"column":44}},{"start":{"line":48,"column":47},"end":{"line":48,"column":58}}],"line":48},"2":{"loc":{"start":{"line":61,"column":21},"end":{"line":61,"column":64}},"type":"cond-expr","locations":[{"start":{"line":61,"column":34},"end":{"line":61,"column":47}},{"start":{"line":61,"column":50},"end":{"line":61,"column":64}}],"line":61},"3":{"loc":{"start":{"line":67,"column":18},"end":{"line":67,"column":63}},"type":"cond-expr","locations":[{"start":{"line":67,"column":31},"end":{"line":67,"column":46}},{"start":{"line":67,"column":49},"end":{"line":67,"column":63}}],"line":67},"4":{"loc":{"start":{"line":76,"column":29},"end":{"line":76,"column":69}},"type":"cond-expr","locations":[{"start":{"line":76,"column":42},"end":{"line":76,"column":54}},{"start":{"line":76,"column":57},"end":{"line":76,"column":69}}],"line":76}},"s":{"0":1,"1":4,"2":4,"3":1,"4":1,"5":1,"6":1,"7":1},"f":{"0":4,"1":1},"b":{"0":[0,4],"1":[0,4],"2":[0,1],"3":[0,1],"4":[0,1]},"_coverageSchema":"1a1c01bbd47fc00a2c39e90264f33305004495a9","hash":"87608259974a311567022bd1315cf17717a245e6"}
,"/Users/aashish/Desktop/demo/singtelAssignment/singtel/src/components/CardComponent.js": {"path":"/Users/aashish/Desktop/demo/singtelAssignment/singtel/src/components/CardComponent.js","statementMap":{"0":{"start":{"line":4,"column":29},"end":{"line":77,"column":1}},"1":{"start":{"line":5,"column":63},"end":{"line":5,"column":73}},"2":{"start":{"line":6,"column":28},"end":{"line":6,"column":49}},"3":{"start":{"line":7,"column":18},"end":{"line":7,"column":29}},"4":{"start":{"line":8,"column":18},"end":{"line":8,"column":30}},"5":{"start":{"line":9,"column":26},"end":{"line":9,"column":63}},"6":{"start":{"line":10,"column":59},"end":{"line":10,"column":64}},"7":{"start":{"line":11,"column":4},"end":{"line":11,"column":67}},"8":{"start":{"line":11,"column":45},"end":{"line":11,"column":65}},"9":{"start":{"line":12,"column":29},"end":{"line":21,"column":5}},"10":{"start":{"line":23,"column":28},"end":{"line":32,"column":5}},"11":{"start":{"line":34,"column":17},"end":{"line":40,"column":5}},"12":{"start":{"line":35,"column":8},"end":{"line":39,"column":19}},"13":{"start":{"line":42,"column":4},"end":{"line":44,"column":16}},"14":{"start":{"line":43,"column":8},"end":{"line":43,"column":32}},"15":{"start":{"line":46,"column":4},"end":{"line":48,"column":11}},"16":{"start":{"line":47,"column":8},"end":{"line":47,"column":30}},"17":{"start":{"line":50,"column":25},"end":{"line":55,"column":5}},"18":{"start":{"line":51,"column":8},"end":{"line":54,"column":17}},"19":{"start":{"line":56,"column":4},"end":{"line":76,"column":6}},"20":{"start":{"line":79,"column":14},"end":{"line":92,"column":2}}},"fnMap":{"0":{"name":"(anonymous_0)","decl":{"start":{"line":4,"column":29},"end":{"line":4,"column":30}},"loc":{"start":{"line":4,"column":40},"end":{"line":77,"column":1}},"line":4},"1":{"name":"(anonymous_1)","decl":{"start":{"line":11,"column":30},"end":{"line":11,"column":31}},"loc":{"start":{"line":11,"column":45},"end":{"line":11,"column":65}},"line":11},"2":{"name":"(anonymous_2)","decl":{"start":{"line":34,"column":17},"end":{"line":34,"column":18}},"loc":{"start":{"line":34,"column":39},"end":{"line":40,"column":5}},"line":34},"3":{"name":"(anonymous_3)","decl":{"start":{"line":42,"column":14},"end":{"line":42,"column":15}},"loc":{"start":{"line":42,"column":20},"end":{"line":44,"column":5}},"line":42},"4":{"name":"(anonymous_4)","decl":{"start":{"line":46,"column":14},"end":{"line":46,"column":15}},"loc":{"start":{"line":46,"column":20},"end":{"line":48,"column":5}},"line":46},"5":{"name":"(anonymous_5)","decl":{"start":{"line":50,"column":25},"end":{"line":50,"column":26}},"loc":{"start":{"line":50,"column":31},"end":{"line":55,"column":5}},"line":50}},"branchMap":{"0":{"loc":{"start":{"line":5,"column":38},"end":{"line":5,"column":58}},"type":"default-arg","locations":[{"start":{"line":5,"column":53},"end":{"line":5,"column":58}}],"line":5},"1":{"loc":{"start":{"line":36,"column":21},"end":{"line":36,"column":39}},"type":"cond-expr","locations":[{"start":{"line":36,"column":32},"end":{"line":36,"column":33}},{"start":{"line":36,"column":36},"end":{"line":36,"column":39}}],"line":36},"2":{"loc":{"start":{"line":51,"column":8},"end":{"line":54,"column":17}},"type":"binary-expr","locations":[{"start":{"line":51,"column":8},"end":{"line":51,"column":21}},{"start":{"line":51,"column":25},"end":{"line":54,"column":17}}],"line":51}},"s":{"0":2,"1":14,"2":14,"3":14,"4":14,"5":14,"6":14,"7":14,"8":17,"9":14,"10":14,"11":14,"12":18,"13":14,"14":13,"15":14,"16":5,"17":14,"18":2,"19":14,"20":2},"f":{"0":14,"1":17,"2":18,"3":13,"4":5,"5":2},"b":{"0":[12],"1":[1,17],"2":[2,2]},"_coverageSchema":"1a1c01bbd47fc00a2c39e90264f33305004495a9","hash":"e540fb51c93bca4ea0e9d113dd0f891d8005daf3"}
,"/Users/aashish/Desktop/demo/singtelAssignment/singtel/src/screens/GameScreen.js": {"path":"/Users/aashish/Desktop/demo/singtelAssignment/singtel/src/screens/GameScreen.js","statementMap":{"0":{"start":{"line":6,"column":26},"end":{"line":88,"column":1}},"1":{"start":{"line":7,"column":29},"end":{"line":7,"column":30}},"2":{"start":{"line":8,"column":37},"end":{"line":8,"column":77}},"3":{"start":{"line":9,"column":42},"end":{"line":9,"column":56}},"4":{"start":{"line":10,"column":40},"end":{"line":10,"column":51}},"5":{"start":{"line":11,"column":44},"end":{"line":11,"column":55}},"6":{"start":{"line":12,"column":66},"end":{"line":12,"column":72}},"7":{"start":{"line":14,"column":27},"end":{"line":18,"column":5}},"8":{"start":{"line":15,"column":8},"end":{"line":15,"column":51}},"9":{"start":{"line":16,"column":8},"end":{"line":16,"column":25}},"10":{"start":{"line":17,"column":8},"end":{"line":17,"column":28}},"11":{"start":{"line":20,"column":22},"end":{"line":25,"column":5}},"12":{"start":{"line":21,"column":8},"end":{"line":24,"column":11}},"13":{"start":{"line":26,"column":29},"end":{"line":35,"column":5}},"14":{"start":{"line":27,"column":28},"end":{"line":29,"column":15}},"15":{"start":{"line":28,"column":9},"end":{"line":28,"column":44}},"16":{"start":{"line":31,"column":7},"end":{"line":33,"column":8}},"17":{"start":{"line":32,"column":8},"end":{"line":32,"column":20}},"18":{"start":{"line":36,"column":32},"end":{"line":63,"column":5}},"19":{"start":{"line":37,"column":20},"end":{"line":37,"column":34}},"20":{"start":{"line":38,"column":8},"end":{"line":38,"column":33}},"21":{"start":{"line":39,"column":8},"end":{"line":39,"column":25}},"22":{"start":{"line":40,"column":8},"end":{"line":40,"column":38}},"23":{"start":{"line":41,"column":8},"end":{"line":62,"column":9}},"24":{"start":{"line":42,"column":12},"end":{"line":42,"column":53}},"25":{"start":{"line":45,"column":12},"end":{"line":61,"column":13}},"26":{"start":{"line":46,"column":16},"end":{"line":46,"column":37}},"27":{"start":{"line":47,"column":16},"end":{"line":53,"column":25}},"28":{"start":{"line":48,"column":20},"end":{"line":48,"column":72}},"29":{"start":{"line":49,"column":20},"end":{"line":49,"column":84}},"30":{"start":{"line":50,"column":20},"end":{"line":50,"column":41}},"31":{"start":{"line":51,"column":20},"end":{"line":51,"column":37}},"32":{"start":{"line":52,"column":20},"end":{"line":52,"column":42}},"33":{"start":{"line":55,"column":17},"end":{"line":61,"column":13}},"34":{"start":{"line":56,"column":16},"end":{"line":56,"column":67}},"35":{"start":{"line":57,"column":16},"end":{"line":57,"column":79}},"36":{"start":{"line":58,"column":16},"end":{"line":58,"column":37}},"37":{"start":{"line":59,"column":16},"end":{"line":59,"column":33}},"38":{"start":{"line":60,"column":16},"end":{"line":60,"column":38}},"39":{"start":{"line":65,"column":4},"end":{"line":87,"column":5}},"40":{"start":{"line":76,"column":44},"end":{"line":76,"column":54}},"41":{"start":{"line":81,"column":20},"end":{"line":83,"column":100}},"42":{"start":{"line":90,"column":15},"end":{"line":94,"column":2}}},"fnMap":{"0":{"name":"(anonymous_0)","decl":{"start":{"line":6,"column":26},"end":{"line":6,"column":27}},"loc":{"start":{"line":6,"column":32},"end":{"line":88,"column":1}},"line":6},"1":{"name":"(anonymous_1)","decl":{"start":{"line":14,"column":27},"end":{"line":14,"column":28}},"loc":{"start":{"line":14,"column":33},"end":{"line":18,"column":5}},"line":14},"2":{"name":"(anonymous_2)","decl":{"start":{"line":20,"column":22},"end":{"line":20,"column":23}},"loc":{"start":{"line":20,"column":27},"end":{"line":25,"column":5}},"line":20},"3":{"name":"(anonymous_3)","decl":{"start":{"line":26,"column":29},"end":{"line":26,"column":30}},"loc":{"start":{"line":26,"column":40},"end":{"line":35,"column":5}},"line":26},"4":{"name":"(anonymous_4)","decl":{"start":{"line":27,"column":41},"end":{"line":27,"column":42}},"loc":{"start":{"line":27,"column":58},"end":{"line":29,"column":8}},"line":27},"5":{"name":"(anonymous_5)","decl":{"start":{"line":36,"column":32},"end":{"line":36,"column":33}},"loc":{"start":{"line":36,"column":56},"end":{"line":63,"column":5}},"line":36},"6":{"name":"(anonymous_6)","decl":{"start":{"line":47,"column":27},"end":{"line":47,"column":28}},"loc":{"start":{"line":47,"column":33},"end":{"line":53,"column":17}},"line":47},"7":{"name":"(anonymous_7)","decl":{"start":{"line":76,"column":30},"end":{"line":76,"column":31}},"loc":{"start":{"line":76,"column":44},"end":{"line":76,"column":54}},"line":76},"8":{"name":"(anonymous_8)","decl":{"start":{"line":80,"column":28},"end":{"line":80,"column":29}},"loc":{"start":{"line":80,"column":49},"end":{"line":84,"column":17}},"line":80}},"branchMap":{"0":{"loc":{"start":{"line":28,"column":16},"end":{"line":28,"column":44}},"type":"binary-expr","locations":[{"start":{"line":28,"column":16},"end":{"line":28,"column":20}},{"start":{"line":28,"column":24},"end":{"line":28,"column":44}}],"line":28},"1":{"loc":{"start":{"line":31,"column":7},"end":{"line":33,"column":8}},"type":"if","locations":[{"start":{"line":31,"column":7},"end":{"line":33,"column":8}},{"start":{},"end":{}}],"line":31},"2":{"loc":{"start":{"line":41,"column":8},"end":{"line":62,"column":9}},"type":"if","locations":[{"start":{"line":41,"column":8},"end":{"line":62,"column":9}},{"start":{"line":44,"column":13},"end":{"line":62,"column":9}}],"line":41},"3":{"loc":{"start":{"line":45,"column":12},"end":{"line":61,"column":13}},"type":"if","locations":[{"start":{"line":45,"column":12},"end":{"line":61,"column":13}},{"start":{"line":55,"column":17},"end":{"line":61,"column":13}}],"line":45},"4":{"loc":{"start":{"line":45,"column":16},"end":{"line":45,"column":123}},"type":"binary-expr","locations":[{"start":{"line":45,"column":16},"end":{"line":45,"column":40}},{"start":{"line":45,"column":44},"end":{"line":45,"column":68}},{"start":{"line":45,"column":73},"end":{"line":45,"column":122}}],"line":45},"5":{"loc":{"start":{"line":55,"column":17},"end":{"line":61,"column":13}},"type":"if","locations":[{"start":{"line":55,"column":17},"end":{"line":61,"column":13}},{"start":{},"end":{}}],"line":55},"6":{"loc":{"start":{"line":55,"column":21},"end":{"line":55,"column":128}},"type":"binary-expr","locations":[{"start":{"line":55,"column":21},"end":{"line":55,"column":45}},{"start":{"line":55,"column":49},"end":{"line":55,"column":73}},{"start":{"line":55,"column":78},"end":{"line":55,"column":127}}],"line":55},"7":{"loc":{"start":{"line":66,"column":52},"end":{"line":66,"column":82}},"type":"cond-expr","locations":[{"start":{"line":66,"column":67},"end":{"line":66,"column":73}},{"start":{"line":66,"column":76},"end":{"line":66,"column":82}}],"line":66}},"s":{"0":1,"1":4,"2":4,"3":4,"4":4,"5":4,"6":4,"7":4,"8":1,"9":1,"10":1,"11":4,"12":0,"13":4,"14":0,"15":0,"16":0,"17":0,"18":4,"19":1,"20":1,"21":1,"22":1,"23":1,"24":1,"25":0,"26":0,"27":0,"28":0,"29":0,"30":0,"31":0,"32":0,"33":0,"34":0,"35":0,"36":0,"37":0,"38":0,"39":4,"40":12,"41":12,"42":1},"f":{"0":4,"1":1,"2":0,"3":0,"4":0,"5":1,"6":0,"7":12,"8":12},"b":{"0":[0,0],"1":[0,0],"2":[1,0],"3":[0,0],"4":[0,0,0],"5":[0,0],"6":[0,0,0],"7":[0,4]},"_coverageSchema":"1a1c01bbd47fc00a2c39e90264f33305004495a9","hash":"82f9465bdbf4d5e771072ac735e91b34c4ee06b9"}
,"/Users/aashish/Desktop/demo/singtelAssignment/singtel/src/utils/utility.js": {"path":"/Users/aashish/Desktop/demo/singtelAssignment/singtel/src/utils/utility.js","statementMap":{"0":{"start":{"line":2,"column":16},"end":{"line":18,"column":1}},"1":{"start":{"line":3,"column":21},"end":{"line":3,"column":33}},"2":{"start":{"line":6,"column":2},"end":{"line":15,"column":3}},"3":{"start":{"line":9,"column":4},"end":{"line":9,"column":59}},"4":{"start":{"line":10,"column":4},"end":{"line":10,"column":19}},"5":{"start":{"line":13,"column":4},"end":{"line":14,"column":47}},"6":{"start":{"line":17,"column":2},"end":{"line":17,"column":15}},"7":{"start":{"line":21,"column":28},"end":{"line":35,"column":1}},"8":{"start":{"line":22,"column":19},"end":{"line":22,"column":21}},"9":{"start":{"line":23,"column":2},"end":{"line":33,"column":4}},"10":{"start":{"line":25,"column":4},"end":{"line":32,"column":28}},"11":{"start":{"line":26,"column":6},"end":{"line":26,"column":57}},"12":{"start":{"line":27,"column":6},"end":{"line":27,"column":58}},"13":{"start":{"line":28,"column":6},"end":{"line":30,"column":7}},"14":{"start":{"line":29,"column":8},"end":{"line":29,"column":57}},"15":{"start":{"line":34,"column":2},"end":{"line":34,"column":29}},"16":{"start":{"line":37,"column":21},"end":{"line":45,"column":1}},"17":{"start":{"line":38,"column":19},"end":{"line":38,"column":56}},"18":{"start":{"line":39,"column":2},"end":{"line":44,"column":4}},"19":{"start":{"line":40,"column":4},"end":{"line":43,"column":5}}},"fnMap":{"0":{"name":"(anonymous_0)","decl":{"start":{"line":2,"column":16},"end":{"line":2,"column":17}},"loc":{"start":{"line":2,"column":27},"end":{"line":18,"column":1}},"line":2},"1":{"name":"(anonymous_1)","decl":{"start":{"line":21,"column":28},"end":{"line":21,"column":29}},"loc":{"start":{"line":21,"column":50},"end":{"line":35,"column":1}},"line":21},"2":{"name":"(anonymous_2)","decl":{"start":{"line":23,"column":46},"end":{"line":23,"column":47}},"loc":{"start":{"line":23,"column":54},"end":{"line":33,"column":3}},"line":23},"3":{"name":"(anonymous_3)","decl":{"start":{"line":37,"column":21},"end":{"line":37,"column":22}},"loc":{"start":{"line":37,"column":43},"end":{"line":45,"column":1}},"line":37},"4":{"name":"(anonymous_4)","decl":{"start":{"line":39,"column":22},"end":{"line":39,"column":23}},"loc":{"start":{"line":39,"column":30},"end":{"line":44,"column":3}},"line":39}},"branchMap":{"0":{"loc":{"start":{"line":28,"column":6},"end":{"line":30,"column":7}},"type":"if","locations":[{"start":{"line":28,"column":6},"end":{"line":30,"column":7}},{"start":{},"end":{}}],"line":28}},"s":{"0":2,"1":3,"2":3,"3":17,"4":17,"5":17,"6":3,"7":2,"8":2,"9":2,"10":6,"11":6,"12":6,"13":6,"14":6,"15":2,"16":2,"17":1,"18":1,"19":6},"f":{"0":3,"1":2,"2":6,"3":1,"4":6},"b":{"0":[6,0]},"_coverageSchema":"1a1c01bbd47fc00a2c39e90264f33305004495a9","hash":"03618f7fddcd726e409d1cec6b89e16289338eea"}
}
