TN:
SF:App.js
FN:31,(anonymous_0)
FN:57,(anonymous_1)
FNF:2
FNH:2
FNDA:4,(anonymous_0)
FNDA:1,(anonymous_1)
DA:31,1
DA:32,4
DA:33,4
DA:57,1
DA:58,1
DA:60,1
DA:64,1
DA:98,1
LF:8
LH:8
BRDA:39,0,0,0
BRDA:39,0,1,4
BRDA:48,1,0,0
BRDA:48,1,1,4
BRDA:61,2,0,0
BRDA:61,2,1,1
BRDA:67,3,0,0
BRDA:67,3,1,1
BRDA:76,4,0,0
BRDA:76,4,1,1
BRF:10
BRH:5
end_of_record
TN:
SF:src/components/CardComponent.js
FN:4,(anonymous_0)
FN:11,(anonymous_1)
FN:34,(anonymous_2)
FN:42,(anonymous_3)
FN:46,(anonymous_4)
FN:50,(anonymous_5)
FNF:6
FNH:6
FNDA:14,(anonymous_0)
FNDA:17,(anonymous_1)
FNDA:18,(anonymous_2)
FNDA:13,(anonymous_3)
FNDA:5,(anonymous_4)
FNDA:2,(anonymous_5)
DA:4,2
DA:5,14
DA:6,14
DA:7,14
DA:8,14
DA:9,14
DA:10,14
DA:11,17
DA:12,14
DA:23,14
DA:34,14
DA:35,18
DA:42,14
DA:43,13
DA:46,14
DA:47,5
DA:50,14
DA:51,2
DA:56,14
DA:79,2
LF:20
LH:20
BRDA:5,0,0,12
BRDA:36,1,0,1
BRDA:36,1,1,17
BRDA:51,2,0,2
BRDA:51,2,1,2
BRF:5
BRH:5
end_of_record
TN:
SF:src/screens/GameScreen.js
FN:6,(anonymous_0)
FN:14,(anonymous_1)
FN:20,(anonymous_2)
FN:26,(anonymous_3)
FN:27,(anonymous_4)
FN:36,(anonymous_5)
FN:47,(anonymous_6)
FN:76,(anonymous_7)
FN:80,(anonymous_8)
FNF:9
FNH:5
FNDA:4,(anonymous_0)
FNDA:1,(anonymous_1)
FNDA:0,(anonymous_2)
FNDA:0,(anonymous_3)
FNDA:0,(anonymous_4)
FNDA:1,(anonymous_5)
FNDA:0,(anonymous_6)
FNDA:12,(anonymous_7)
FNDA:12,(anonymous_8)
DA:6,1
DA:7,4
DA:8,4
DA:9,4
DA:10,4
DA:11,4
DA:12,4
DA:14,4
DA:15,1
DA:16,1
DA:17,1
DA:20,4
DA:21,0
DA:26,4
DA:27,0
DA:28,0
DA:31,0
DA:32,0
DA:36,4
DA:37,1
DA:38,1
DA:39,1
DA:40,1
DA:41,1
DA:42,1
DA:45,0
DA:46,0
DA:47,0
DA:48,0
DA:49,0
DA:50,0
DA:51,0
DA:52,0
DA:55,0
DA:56,0
DA:57,0
DA:58,0
DA:59,0
DA:60,0
DA:65,4
DA:76,12
DA:81,12
DA:90,1
LF:43
LH:24
BRDA:28,0,0,0
BRDA:28,0,1,0
BRDA:31,1,0,0
BRDA:31,1,1,0
BRDA:41,2,0,1
BRDA:41,2,1,0
BRDA:45,3,0,0
BRDA:45,3,1,0
BRDA:45,4,0,0
BRDA:45,4,1,0
BRDA:45,4,2,0
BRDA:55,5,0,0
BRDA:55,5,1,0
BRDA:55,6,0,0
BRDA:55,6,1,0
BRDA:55,6,2,0
BRDA:66,7,0,0
BRDA:66,7,1,4
BRF:18
BRH:2
end_of_record
TN:
SF:src/utils/utility.js
FN:2,(anonymous_0)
FN:21,(anonymous_1)
FN:23,(anonymous_2)
FN:37,(anonymous_3)
FN:39,(anonymous_4)
FNF:5
FNH:5
FNDA:3,(anonymous_0)
FNDA:2,(anonymous_1)
FNDA:6,(anonymous_2)
FNDA:1,(anonymous_3)
FNDA:6,(anonymous_4)
DA:2,2
DA:3,3
DA:6,3
DA:9,17
DA:10,17
DA:13,17
DA:17,3
DA:21,2
DA:22,2
DA:23,2
DA:25,6
DA:26,6
DA:27,6
DA:28,6
DA:29,6
DA:34,2
DA:37,2
DA:38,1
DA:39,1
DA:40,6
LF:20
LH:20
BRDA:28,0,0,6
BRDA:28,0,1,0
BRF:2
BRH:1
end_of_record
